19-08-2020 09:26:56 AM  INFO  test_blockwise_data Total : 28 Remaining : 27
19-08-2020 09:30:15 AM  INFO  test_blockwise_data is completed...
19-08-2020 09:30:15 AM  INFO  test_blockwise_graph Total : 28 Remaining : 26
19-08-2020 09:30:28 AM  INFO  test_blockwise_graph is completed...
19-08-2020 09:30:28 AM  INFO  test_clusterlevel_homeicon Total : 28 Remaining : 25
19-08-2020 09:30:37 AM  INFO  test_clusterlevel_homeicon is completed...
19-08-2020 09:30:37 AM  INFO  test_clusterwise_graph Total : 28 Remaining : 24
19-08-2020 09:30:51 AM  INFO  test_clusterwise_graph is completed...
19-08-2020 09:30:56 AM  INFO  test_crc_graph Total : 28 Remaining : 23
19-08-2020 09:31:56 AM  INFO  test_crc_graph is completed...
19-08-2020 09:31:56 AM  INFO  test_dash_menu Total : 28 Remaining : 22
19-08-2020 09:31:59 AM  INFO  test_dash_menu is completed...
19-08-2020 09:31:59 AM  INFO  test_districtwise_schoolsvisited Total : 28 Remaining : 21
19-08-2020 09:35:22 AM  INFO  test_districtwise_schoolsvisited is completed...
19-08-2020 09:35:22 AM  INFO  test_districtwise_tabledata Total : 28 Remaining : 20
19-08-2020 09:36:36 AM  INFO  test_districtwise_tabledata is completed...
19-08-2020 09:36:39 AM  INFO  test_donwoad_clusterwise_csv Total : 28 Remaining : 19
19-08-2020 09:36:59 AM  INFO  test_donwoad_clusterwise_csv is completed...
19-08-2020 09:37:02 AM  INFO  test_download_blockwise_csv Total : 28 Remaining : 18
19-08-2020 09:37:14 AM  INFO  test_download_blockwise_csv is completed...
19-08-2020 09:37:14 AM  INFO  test_download_districtwise Total : 28 Remaining : 17
19-08-2020 09:37:26 AM  INFO  test_download_districtwise is completed...
19-08-2020 09:37:26 AM  INFO  test_homeicon Total : 28 Remaining : 16
19-08-2020 09:37:35 AM  INFO  test_homeicon is completed...
19-08-2020 09:37:35 AM  INFO  test_logout Total : 28 Remaining : 15
19-08-2020 09:37:57 AM  INFO  test_logout is completed...
19-08-2020 09:37:57 AM  INFO  test_navigate_crc Total : 28 Remaining : 14
19-08-2020 09:38:01 AM  INFO  test_navigate_crc is completed...
19-08-2020 09:38:01 AM  INFO  test_on_clusterlevel_to_hyperlinks Total : 28 Remaining : 13
19-08-2020 09:38:15 AM  INFO  test_on_clusterlevel_to_hyperlinks is completed...
19-08-2020 09:38:18 AM  INFO  test_orderwise_tabledata Total : 28 Remaining : 12
19-08-2020 09:38:27 AM  INFO  test_orderwise_tabledata is completed...
19-08-2020 09:38:27 AM  INFO  test_peformance_blockwise Total : 28 Remaining : 11
19-08-2020 09:38:40 AM  INFO  test_peformance_blockwise is completed...
19-08-2020 09:38:43 AM  INFO  test_peformance_clusterwise Total : 28 Remaining : 10
19-08-2020 09:38:54 AM  INFO  test_peformance_clusterwise is completed...
19-08-2020 09:38:57 AM  INFO  test_peformance_districtwise Total : 28 Remaining : 9
19-08-2020 09:39:09 AM  INFO  test_peformance_districtwise is completed...
19-08-2020 09:39:09 AM  INFO  test_peformance_of_crc_report Total : 28 Remaining : 8
19-08-2020 09:39:12 AM  INFO  test_peformance_of_crc_report is completed...
19-08-2020 09:39:12 AM  INFO  test_scattor_graph Total : 28 Remaining : 7
19-08-2020 09:39:21 AM  INFO  test_scattor_graph is completed...
19-08-2020 09:39:21 AM  INFO  test_schoolcount Total : 28 Remaining : 6
19-08-2020 09:39:39 AM  INFO  test_schoolcount is completed...
19-08-2020 09:39:39 AM  INFO  test_table_data Total : 28 Remaining : 5
19-08-2020 09:39:42 AM  INFO  test_table_data is completed...
19-08-2020 09:39:42 AM  INFO  test_visited Total : 28 Remaining : 4
19-08-2020 09:39:56 AM  INFO  test_visited is completed...
19-08-2020 09:39:56 AM  INFO  test_visits Total : 28 Remaining : 3
19-08-2020 09:40:10 AM  INFO  test_visits is completed...
