19-08-2020 08:14:53 AM  INFO  test_blockwise_csv_download is running Total : 20 Remaining : 19
19-08-2020 08:15:11 AM  INFO  test_blockwise_csv_download is completed...
19-08-2020 08:15:14 AM  INFO  test_check_hyperlinks is running Total : 20 Remaining : 18
19-08-2020 08:16:00 AM  INFO  test_check_hyperlinks is completed...
19-08-2020 08:16:05 AM  INFO  test_click_on_blocks is running Total : 20 Remaining : 17
19-08-2020 08:16:11 AM  INFO  test_click_on_blocks is completed...
19-08-2020 08:16:13 AM  INFO  test_click_on_clusters is running Total : 20 Remaining : 16
19-08-2020 08:16:18 AM  INFO  test_click_on_clusters is completed...
19-08-2020 08:16:23 AM  INFO  test_click_on_dashboard is running Total : 20 Remaining : 15
19-08-2020 08:16:30 AM  INFO  test_click_on_dashboard is completed...
19-08-2020 08:16:35 AM  INFO  test_click_on_schools is running Total : 20 Remaining : 14
19-08-2020 08:17:15 AM  INFO  test_click_on_schools is completed...
19-08-2020 08:17:15 AM  INFO  test_click_on_student_attendence_report is running Total : 20 Remaining : 13
19-08-2020 08:17:21 AM  INFO  test_click_on_student_attendence_report is completed...
19-08-2020 08:17:36 AM  INFO  test_clusterwise_csv_download is running Total : 20 Remaining : 12
19-08-2020 08:17:55 AM  INFO  test_clusterwise_csv_download is completed...
19-08-2020 08:18:35 AM  INFO  test_districtwise_csv_download is running Total : 20 Remaining : 11
19-08-2020 08:18:48 AM  INFO  test_districtwise_csv_download is completed...
19-08-2020 08:18:50 AM  INFO  test_home_button is running Total : 20 Remaining : 10
19-08-2020 08:19:01 AM  INFO  test_home_button is completed...
19-08-2020 08:19:01 AM  INFO  test_home_icon is running Total : 20 Remaining : 9
19-08-2020 08:19:11 AM  INFO  test_home_icon is completed...
19-08-2020 08:19:14 AM  INFO  test_logout is running Total : 20 Remaining : 8
19-08-2020 08:19:29 AM  INFO  test_logout is completed...
19-08-2020 08:19:29 AM  INFO  test_no_of_schools_is_equals_at_districts_blocks_clusters_schools is running Total : 20 Remaining : 7
19-08-2020 08:19:55 AM  INFO  test_no_of_schools_is_equals_at_districts_blocks_clusters_schools is completed...
19-08-2020 08:20:05 AM  INFO  test_schoolwise_cv_download is running Total : 20 Remaining : 6
19-08-2020 08:20:26 AM  INFO  test_schoolwise_csv_download is completed...
19-08-2020 08:20:26 AM  INFO  test_total_no_of_students_is_equals_at_districts_blocks_clusters_schools is running Total : 20 Remaining : 5
19-08-2020 08:21:11 AM  INFO  test_total_no_of_students_is_equals_at_districts_blocks_clusters_schools is completed...
